<component name="libraryTable">
  <library name="junit.jupiter" type="repository">
    <properties maven-id="org.junit.jupiter:junit-jupiter:5.4.2" />
    <CLASSES>
      <root url="jar://$MAVEN_REPOSITORY$/org/junit/platform/junit-platform-engine/1.4.2/junit-jupiter-5.4.2.jar!/" />
      <root url="jar://$MAVEN_REPOSITORY$/org/junit/platform/junit-platform-engine/1.4.2/junit-jupiter-api-5.4.2.jar!/" />
      <root url="jar://$MAVEN_REPOSITORY$/org/junit/platform/junit-platform-engine/1.4.2/apiguardian-api-1.0.0.jar!/" />
      <root url="jar://$MAVEN_REPOSITORY$/org/junit/platform/junit-platform-engine/1.4.2/opentest4j-1.1.1.jar!/" />
      <root url="jar://$MAVEN_REPOSITORY$/org/junit/platform/junit-platform-engine/1.4.2/junit-platform-commons-1.4.2.jar!/" />
      <root url="jar://$MAVEN_REPOSITORY$/org/junit/platform/junit-platform-engine/1.4.2/junit-jupiter-params-5.4.2.jar!/" />
      <root url="jar://$MAVEN_REPOSITORY$/org/junit/platform/junit-platform-engine/1.4.2/junit-jupiter-engine-5.4.2.jar!/" />
      <root url="jar://$MAVEN_REPOSITORY$/org/junit/platform/junit-platform-engine/1.4.2/junit-platform-engine-1.4.2.jar!/" />
    </CLASSES>
    <JAVADOC />
    <SOURCES />
  </library>
</component>